Creating scope :open. Overwriting existing method Poll.open.
Started GET "/" for 127.0.0.1 at 2019-05-31 19:44:01 +0000
Processing by FinishInstallationController#index as HTML
  Rendering finish_installation/index.html.erb within layouts/finish_installation
  Rendered finish_installation/index.html.erb within layouts/finish_installation (2.3ms)
  Rendered layouts/_head.html.erb (19.1ms)
Completed 200 OK in 292ms (Views: 159.9ms | ActiveRecord: 0.0ms)
Started GET "/stylesheets/wizard_c8cd633eb0efc37981caba687ebaef3c0c386b48.css?__ws=discourse.local" for 127.0.0.1 at 2019-05-31 19:44:01 +0000
Processing by StylesheetsController#show as CSS
  Parameters: {"__ws"=>"discourse.local", "name"=>"wizard_c8cd633eb0efc37981caba687ebaef3c0c386b48"}
Sent file /var/www/discourse/tmp/stylesheet-cache/wizard_c8cd633eb0efc37981caba687ebaef3c0c386b48.css (0.3ms)
Completed 200 OK in 3ms (ActiveRecord: 0.0ms)
Started GET "/" for 127.0.0.1 at 2019-05-31 19:44:03 +0000
Processing by FinishInstallationController#index as HTML
  Rendering finish_installation/index.html.erb within layouts/finish_installation
  Rendered finish_installation/index.html.erb within layouts/finish_installation (1.5ms)
  Rendered layouts/_head.html.erb (4.6ms)
Completed 200 OK in 22ms (Views: 11.9ms | ActiveRecord: 0.0ms)
Error connecting to Redis on data:6379 (Errno::ECONNREFUSED) subscribe failed, reconnecting in 1 second. Call stack ["/var/www/discourse/vendor/bundle/ruby/2.6.0/gems/redis-4.0.1/lib/redis/client.rb:344:in `rescue in establish_connection'", "/var/www/discourse/vendor/bundle/ruby/2.6.0/gems/redis-4.0.1/lib/redis/client.rb:328:in `establish_connection'", "/var/www/discourse/vendor/bundle/ruby/2.6.0/gems/redis-4.0.1/lib/redis/client.rb:99:in `block in connect'", "/var/www/discourse/vendor/bundle/ruby/2.6.0/gems/redis-4.0.1/lib/redis/client.rb:291:in `with_reconnect'", "/var/www/discourse/vendor/bundle/ruby/2.6.0/gems/redis-4.0.1/lib/redis/client.rb:98:in `connect'", "/var/www/discourse/vendor/bundle/ruby/2.6.0/gems/redis-4.0.1/lib/redis/client.rb:274:in `with_socket_timeout'", "/var/www/discourse/vendor/bundle/ruby/2.6.0/gems/redis-4.0.1/lib/redis/client.rb:131:in `call_loop'", "/var/www/discourse/vendor/bundle/ruby/2.6.0/gems/redis-4.0.1/lib/redis/subscribe.rb:43:in `subscription'", "/var/www/discourse/vendor/bundle/ruby/2.6.0/gems/redis-4.0.1/lib/redis/subscribe.rb:12:in `subscribe'", "/var/www/discourse/vendor/bundle/ruby/2.6.0/gems/redis-4.0.1/lib/redis.rb:2824:in `_subscription'", "/var/www/discourse/vendor/bundle/ruby/2.6.0/gems/redis-4.0.1/lib/redis.rb:2192:in `block in subscribe'", "/var/www/discourse/vendor/bundle/ruby/2.6.0/gems/redis-4.0.1/lib/redis.rb:45:in `block in synchronize'", "/usr/local/lib/ruby/2.6.0/monitor.rb:230:in `mon_synchronize'", "/var/www/discourse/vendor/bundle/ruby/2.6.0/gems/redis-4.0.1/lib/redis.rb:45:in `synchronize'", "/var/www/discourse/vendor/bundle/ruby/2.6.0/gems/redis-4.0.1/lib/redis.rb:2191:in `subscribe'", "/var/www/discourse/vendor/bundle/ruby/2.6.0/gems/message_bus-2.2.0/lib/message_bus/backends/redis.rb:287:in `global_subscribe'", "/var/www/discourse/vendor/bundle/ruby/2.6.0/gems/message_bus-2.2.0/lib/message_bus.rb:721:in `global_subscribe_thread'", "/var/www/discourse/vendor/bundle/ruby/2.6.0/gems/message_bus-2.2.0/lib/message_bus.rb:669:in `block in new_subscriber_thread'"]
Creating scope :open. Overwriting existing method Poll.open.
Migrating to AddSchemaMigrationDetails (20000225050318)
Migrating to CreateForumThreads (20120311163914)
Migrating to CreatePosts (20120311164326)
Migrating to CreateUsers (20120311170118)
Migrating to CreateForums (20120311201341)
Migrating to CreateSites (20120311210245)
Migrating to AddReplyToToPosts (20120416201606)
Migrating to AddViewsToForumThreads (20120420183447)
Migrating to AddPostsCountToForumThreads (20120423140906)
Migrating to FixPostIndices (20120423142820)
Migrating to RemoveLastPostId (20120423151548)
Migrating to AddDisplayUsernameToUsers (20120425145456)
Migrating to AddUserIdIndexToPosts (20120427150624)
Migrating to CookedMigration (20120427151452)
Migrating to CreateVestalVersions (20120427154330)
Migrating to AddVersionToPosts (20120427172031)
Migrating to AddCreatedByToForumThreads (20120502183240)
Migrating to AddLastPostUserIdToForumThreads (20120502192121)
Migrating to AddSiteIdToUsers (20120503205521)
Migrating to CreateExpressions (20120507144132)
Migrating to CreateExpressionTypes (20120507144222)
Migrating to AddReplyCountToPosts (20120514144549)
Migrating to AddFlagToExpressionTypes (20120514173920)
Migrating to AddDescriptionToExpressionTypes (20120514204934)
Migrating to AddQuotelessToPost (20120517200130)
Migrating to CreateReadPosts (20120518200115)
Migrating to CreateLastReadPosts (20120519182212)
Migrating to CreateViews (20120523180723)
Migrating to AddRepliesToForumThreads (20120523184307)
Migrating to AddFeaturedToForumThreads (20120523201329)
Migrating to AddAvgTimeToForumThreads (20120525194845)
Migrating to CreateUploads (20120529175956)
Migrating to CreateStars (20120529202707)
Migrating to CreateForumThreadUser (20120530150726)
Migrating to MigratePosted (20120530160745)
Migrating to AddIndexToForumThreads (20120530200724)
Migrating to CreateForumThreadLinks (20120530212912)
Migrating to AddTagsToForumThreads (20120614190726)
Migrating to AddQuoteCountToPosts (20120614202024)
Migrating to CreateBookmarks (20120615180517)
Migrating to AddReplyBelowToPosts (20120618152946)
Migrating to CreatePostTimings (20120618212349)
Migrating to CreateMessageBus (20120618214856)
Migrating to FixPostTimings (20120619150807)
Migrating to DropReadPosts (20120619153349)
Migrating to AddPostNumberToBookmarks (20120619172714)
Migrating to AddSeenPostCountToForumThreadUsers (20120621155351)
Migrating to AddDeletedAtToForumThreads (20120621190310)
Migrating to CreateNotifications (20120622200242)
Migrating to AddSeenNotificationIdToUsers (20120625145714)
Migrating to AddDeletedAtToPosts (20120625162318)
Migrating to AddHighestPostNumberToForumThreads (20120625174544)
Migrating to AddImageUrlToForumThreads (20120625195326)
Migrating to RenameExpressionTypeId (20120629143908)
Migrating to DenormalizeExpressions (20120629150253)
Migrating to MakeExpressionsLessGeneric (20120629151243)
Migrating to CreateIncomingLinks (20120629182637)
Migrating to CreateReplies (20120702211427)
Migrating to AddReflectionToForumThreadLinks (20120703184734)
Migrating to AddIncomingLinkCountToPosts (20120703201312)
Migrating to AddIncomingLinkCountToForumThreads (20120703203623)
Migrating to AddBookmarkCountToPosts (20120703210004)
Migrating to AddAvgTimeToPosts (20120704160659)
Migrating to AddViewCountToPosts (20120704201743)
Migrating to AddUserToVersions (20120705181724)
Migrating to AddLastPostedAtToUsers (20120708210305)
Migrating to CreateCategories (20120712150500)
Migrating to AddCategoryIdToForumThreads (20120712151934)
Migrating to CreateCategoryFeaturedThreads (20120713201324)
Migrating to CreateSiteSettings (20120716020835)
Migrating to AddStatsToCategories (20120716173544)
Migrating to CreateUserOpenIds (20120718044955)
Migrating to AddEmailHashedPasswordNameSaltToUsers (20120719004636)
Migrating to AddUsernameLowerToUsers (20120720013733)
Migrating to AddAuthTokenToUsers (20120720044246)
Migrating to AddForumIdToCategories (20120720162422)
Migrating to AddNotNullsToUserOpenIds (20120723051512)
Migrating to AddLastSeenAtToUsers (20120724234502)
Migrating to AddWebsiteToUsers (20120724234711)
Migrating to AddExcerptToCategories (20120725183347)
Migrating to AddInvisibleToForumThread (20120726201830)
Migrating to AddUserIdToCategories (20120726235129)
Migrating to RemoveExcerptFromCategories (20120727005556)
Migrating to RenameInvisible (20120727150428)
Migrating to AddThreadCountsToCategories (20120727213543)
Migrating to AddIconToExpressionTypes (20120802151210)
Migrating to AddAdminFlagToUsers (20120803191426)
Migrating to AddNewPasswordNewSaltEmailTokenToUsers (20120806030641)
Migrating to RemoveNewPasswordStuffFromUser (20120806062617)
Migrating to CreateActions (20120807223020)
Migrating to RemoveSiteId (20120809020415)
Migrating to RemoveForumId (20120809030647)
Migrating to CorrectIndexingOnPosts (20120809053414)
Migrating to RemoveIndexForNow (20120809154750)
Migrating to CreatePostActions (20120809174649)
Migrating to CreatePostActionTypes (20120809175110)
Migrating to MigrateBookmarksToPostActions (20120809201855)
Migrating to RenameActionsToUserActions (20120810064839)
Migrating to RetireExpressions (20120812235417)
Migrating to RenameExpressionColumnsInForumThread (20120813004347)
Migrating to RenameExpressionColumnsInPosts (20120813042912)
Migrating to CreateForumThreadLinkClicks (20120813201426)
Migrating to AddUniqueIndexToForumThreadLinks (20120815004411)
Migrating to AddPostTypeToPosts (20120815180106)
Migrating to AddModeratorPostsCountToForumThreads (20120815204733)
Migrating to AddUniqueConstraintToUserActions (20120816050526)
Migrating to AddForumThreadStates (20120816205537)
Migrating to AddStarredAtToForumThreadUser (20120816205538)
Migrating to AddSearchIndices (20120820191804)
Migrating to AddBumpedAtToForumThreads (20120821191616)
Migrating to AddSlugToCategories (20120823205956)
Migrating to CreateCategoryFeaturedUsers (20120824171908)
Migrating to CreateOneboxRenders (20120828204209)
Migrating to CreatePostOneboxRenders (20120828204624)
Migrating to AddPreviewToOneboxRenders (20120830182736)
Migrating to RemoveDescriptionFromSiteSettings (20120910171504)
Migrating to RenameViewsToReads (20120918152319)
Migrating to AddSubTagToForumThreads (20120918205931)
Migrating to AddHasBestOfToForumThreads (20120919152846)
Migrating to AddTwitterUserInfo (20120921055428)
Migrating to CreateArchetypes (20120921155050)
Migrating to AddMetaDataToForumThreads (20120921162512)
Migrating to CreateArchetypeOptions (20120921163606)
Migrating to AddHstoreExtension (20120924182000)
Migrating to AddVoteCountToPosts (20120924182031)
Migrating to RemoveEnglishFromPostActionTypes (20120925171620)
Migrating to AddSequenceToPostActionTypes (20120925190802)
Migrating to AddSortOrderToPosts (20120928170023)
Migrating to AddEmailStuffToUsers (20121009161116)
Migrating to CreateEmailLogs (20121011155904)
Migrating to ConvertArchetypes (20121017162924)
Migrating to RenameForumThreadTables (20121018103721)
Migrating to CreateTopicAllowedUsers (20121018133039)
Migrating to FixNotificationData (20121018182709)
Migrating to DropAvatarUrlFromUsers (20121106015500)
Migrating to AddPostActionIdToNotifications (20121108193516)
Migrating to CreateTrustLevels (20121109164630)
Migrating to BioMarkdownSupport (20121113200844)
Migrating to CreateFacebookUserInfos (20121113200845)
Migrating to RenameStickyToPinned (20121115172544)
Migrating to AddMoreEmailSettingsToUser (20121116212424)
Migrating to AddEmailSettingsToUsers (20121119190529)
Migrating to AddEmailDirectToUsers (20121119200843)
Migrating to CreateInvites (20121121202035)
Migrating to CreateTopicInvites (20121121205215)
Migrating to AddMutedAtToTopicUser (20121122033316)
Migrating to MakePostNumberDistinct (20121123054127)
Migrating to CreateUserVisits (20121123063630)
Migrating to CreateEmailTokens (20121129160035)
Migrating to RemoveEmailTokenFromUsers (20121129184948)
Migrating to CreateDrafts (20121130010400)
Migrating to AddLinkPostIdToTopicLinks (20121130191818)
Migrating to AddVisitedAtToTopicUser (20121202225421)
Migrating to RenameSeenNotificaitonId (20121203181719)
Migrating to FixLinkPostId (20121204183855)
Migrating to AddAnotherFeaturedUserToTopics (20121204193747)
Migrating to AddApprovedToUsers (20121205162143)
Migrating to AddNotificationsToTopicUsers (20121207000741)
Migrating to CreateSiteCustomizations (20121211233131)
Migrating to AddOverrideDefaultStyleToSiteCustomization (20121216230719)
Migrating to AddTopicsEnteredToUsers (20121218205642)
Migrating to AddLastEditorIdToPosts (20121224072204)
Migrating to CreateDraftSequence (20121224095139)
Migrating to AddSequenceToDrafts (20121224100650)
Migrating to AddDeletedAtToInvites (20121228192219)
Migrating to AddDigestAfterDaysToUsers (20130107165207)
Migrating to AddPreviousVisitAtToUsers (20130108195847)
Migrating to MergeMuteOptionsOnTopicUsers (20130115012140)
Migrating to CorrectDefaultOnNotificationLevel (20130115021937)
Migrating to OopsUnwatchABoatOfWatchedStuff (20130115043603)
Migrating to RemoveSubTagFromTopics (20130116151829)
Migrating to FixSearch (20130120222728)
Migrating to AddTrackingToTopicUsers (20130121231352)
Migrating to AddAutoTrackTopicsToUser (20130122051134)
Migrating to AddAutoTrackAfterSecondsAndBanningAndDobToUser (20130122232825)
Migrating to AutoTrackAllTopicsRepliedTo (20130123070909)
Migrating to AddHiddenToPosts (20130125002652)
Migrating to AddFieldsToPostAction (20130125030305)
Migrating to CorrectIndexOnPostAction (20130125031122)
Migrating to RemoveTrustLevels (20130127213646)
Migrating to TrustLevelDefaultNull (20130128182013)
Migrating to RemovePmReflections (20130129010625)
Migrating to AddTimeReadToUsers (20130129163244)
Migrating to AddDaysVisitedToUsers (20130129174845)
Migrating to RemoveIndexFromViews (20130130154611)
Migrating to AddCustomFlagCountToTopics (20130131055710)
Migrating to AddColumnSummariesToPostsAndTopics (20130201000828)
Migrating to AddPositionToPostActionType (20130201023409)
Migrating to AddLastVersionAtToPosts (20130203204338)
Migrating to AddIpAddressToUsers (20130204000159)
Migrating to AlterFacebookUserId (20130205021905)
Migrating to AddUserDeletedToPosts (20130207200019)
Migrating to RemoveReplyBelowPostNumberFromPosts (20130208220635)
Migrating to RemoveTopicResponseActions (20130213021450)
Migrating to AddNewTopicDurationMinutesToUsers (20130213203300)
Migrating to AddDescriptionToCategories (20130221215017)
Migrating to AddGithubUserInfo (20130226015336)
Migrating to AddClearedPinnedToTopicUsers (20130306180148)
Migrating to RemoveExtraSpamRecord (20130311181327)
Migrating to AddExternalLinksInNewTabAnDisableQuotingToUser (20130313004922)
Migrating to AddForegroundColorToCategories (20130314093434)
Migrating to EnableTrigramSupport (20130315180637)
Migrating to AddReplyToUserIdToPost (20130319122248)
Migrating to AddUserIndexesToPostsAndTopics (20130320012100)
Migrating to AddModeratorToUser (20130320024345)
Migrating to RemoveOneboxesFromDb (20130321154905)
Migrating to AddPercentRankToPosts (20130322183614)
Migrating to AddHotnessToCategory (20130326210101)
Migrating to UpdateSiteSettingsForHot (20130327185852)
Migrating to CreateHotTopics (20130328162943)
Migrating to AddScoreToTopics (20130328182433)
Migrating to AddValuesToHotTopics (20130402210723)
Migrating to CreateSiteContents (20130404143437)
Migrating to AddUserExtras (20130404232558)
Migrating to CreateAdminLogs (20130411205132)
Migrating to CorrectCountsOnPosts (20130412015502)
Migrating to CorrectCountsOnTopics (20130412020156)
Migrating to CreateGroups (20130416004607)
Migrating to GroupUsers (20130416004933)
Migrating to AddSubtypeToTopics (20130416170855)
Migrating to IncreaseDataLengthOnNotifications (20130419195746)
Migrating to AddRelatedPostIdToPostActions (20130422050626)
Migrating to AddSlugToTopics (20130424015746)
Migrating to AddUserIdToIncomingLinks (20130424055025)
Migrating to AllowNullsInIncomingLinks (20130426044914)
Migrating to AddIncomingIpCurrentUserIdToIncomingLinks (20130426052257)
Migrating to AddUnstarredAtToTopicUsers (20130428194335)
Migrating to AddSecurityToCategories (20130429000101)
Migrating to AddTopicAllowedGroups (20130430052751)
Migrating to FixTopicAllowedGroups (20130501105651)
Migrating to AddAutomaticToGroups (20130506020935)
Migrating to AddAutoCloseAtToTopics (20130506185042)
Migrating to AddUserCountToGroups (20130508040235)
Migrating to UpdateSequenceForGroups (20130509040248)
Migrating to AddUniqueNameToGroups (20130509041351)
Migrating to AddAutoCloseDaysToCategories (20130515193551)
Migrating to CreateCasUserInfos (20130521210140)
Migrating to RenameSearchTables (20130522193615)
Migrating to AddLikeScoreToPosts (20130527152648)
Migrating to AddRankToCategoryFeaturedTopics (20130528174147)
Migrating to AddStaffTookActionToPostActions (20130531210816)
Migrating to AddBlockedToUsers (20130603192412)
Migrating to AddAutoCloseStartedAtToTopics (20130606190601)
Migrating to AddReplyKeyToEmailLogs (20130610201033)
Migrating to CreatePostUploadJoinTable (20130612200846)
Migrating to DropPostsUploads (20130613211700)
Migrating to CreatePostUploads (20130613212230)
Migrating to AddDynamicFaviconPreferenceToUser (20130615064344)
Migrating to RemoveTopicIdFromUploads (20130615073305)
Migrating to AddShaToUploads (20130615075557)
Migrating to CreateOptimizedImages (20130616082327)
Migrating to RenameShaAndExtColumns (20130617014127)
Migrating to RenameShaColumn (20130617180009)
Migrating to AddPostIdToEmailLogs (20130617181804)
Migrating to AddDeferToPostActions (20130619063902)
Migrating to ChangeSupressToSuppress (20130621042855)
Migrating to AddUrlIndexToUploads (20130622110348)
Migrating to ChangeIpToInetInTopicLinkClicks (20130624203206)
Migrating to ChangeIpToInetInViews (20130625022454)
Migrating to RemoveAccessPassword (20130625170842)
Migrating to AddTitleToUsers (20130625201113)
Migrating to AddDeletedByIdToPosts (20130709184941)
Migrating to AddNukedUserToPosts (20130710201248)
Migrating to AddPermissionTypeToCategoryGroups (20130712041133)
Migrating to AddMissingIdColumns (20130712163509)
Migrating to RenameAdminLog (20130723212758)
Migrating to CreateBlockedEmails (20130724201552)
Migrating to AddMoreToStaffActionLog (20130725213613)
Migrating to AddUrlToOptimizedImages (20130728172550)
Migrating to AddReportIndexToIncomingLinks (20130731163035)
Migrating to AddLastMatchIndexToBlockedEmails (20130807202516)
Migrating to FixSeenNotificationIds (20130809160751)
Migrating to AddFilterIndexesToStaffActionLogs (20130809204732)
Migrating to AddAvatarToUsers (20130809211409)
Migrating to CreateScreenedUrls (20130813204212)
Migrating to RenameBlockedEmailsToScreenedEmails (20130813224817)
Migrating to CreateOauth2UserInfos (20130816024250)
Migrating to AddValueColumnsToStaffActionLogs (20130819192358)
Migrating to AddSubjectIndexToStaffActionLogs (20130820174431)
Migrating to AddIpAddressToScreeningTables (20130822213513)
Migrating to DropDefaultsOnEmailDigestColumnsOfUsers (20130823201420)
Migrating to CreatePluginStoreRows (20130826011521)
Migrating to FixOptimizedImagesUrls (20130828192526)
Migrating to AllowNullUserIdOnPosts (20130903154323)
Migrating to AllowNullUserIdOnTopics (20130904181208)
Migrating to RenameSystemUsername (20130906081326)
Migrating to AddIndexToUploads (20130906171631)
Migrating to IndexTopicsForFrontPage (20130910040235)
Migrating to RenameStaffActionLogsToUserHistory (20130910220317)
Migrating to CreateUserStats (20130911182437)
Migrating to ActingUserNull (20130912185218)
Migrating to AddMobileToSiteCustomizations (20130913210454)
Migrating to AddTopicIdToUserHistories (20130917174738)
Migrating to AddEmailAlwaysToUsers (20131001060630)
Migrating to AddUserIdParentTypeIndexOnViews (20131002070347)
Migrating to MoveColumnsToUserStats (20131003061137)
Migrating to BackfillPostUploadReverseIndex (20131014203951)
Migrating to CreatePostDetails (20131015131652)
Migrating to AddPostCountToCategories (20131017014509)
Migrating to AddLatestToCategories (20131017030605)
Migrating to CreateScreenedIpAddresses (20131017205954)
Migrating to AddPositionToCategories (20131018050738)
Migrating to AddUncategorizedCategory (20131022045114)
Migrating to CreateApiKeys (20131022151218)
Migrating to AddParentCategoryIdToCategories (20131023163509)
Migrating to AddOriginToUploads (20131105101051)
Migrating to RenameBannedToSuspended (20131107154900)
Migrating to AddParticipantCountToTopics (20131114185225)
Migrating to AddEditReasonToPosts (20131115165105)
Migrating to RenameBestOfToSummary (20131118173159)
Migrating to MoveEmojiToNewLocation (20131120055018)
Migrating to IncreaseTwitterUserIdLength (20131122064921)
Migrating to RenameAutoCloseDaysToHours (20131206200009)
Migrating to CreatePostRevisions (20131209091702)
Migrating to CreateTopicRevisions (20131209091742)
Migrating to AddWordCountToPosts (20131210163702)
Migrating to MigrateWordCounts (20131210181901)
Migrating to RenameVersionColumn (20131210234530)
Migrating to AddPostCountStatsColumnsToCategories (20131212225511)
Migrating to MakePositionNullableInCategories (20131216164557)
Migrating to CreateTopicEmbeds (20131217174004)
Migrating to AddCookMethodToPosts (20131219203905)
Migrating to CreateTopTopics (20131223171005)
Migrating to AddScoresToTopTopics (20131227164338)
Migrating to AddWatchNewTopicsToUsers (20131229221725)
Migrating to AddLastEmailedPostNumberToTopicUser (20131230010239)
Migrating to AddCategoryUsers (20140101235747)
Migrating to AddAliasLevelToGroups (20140102104229)
Migrating to RemoveDefaultFromExternalLinksInNewTab (20140102194802)
Migrating to RemoveEnableWideCategoryList (20140107220141)
Migrating to RenameFavoritesToStarred (20140109205940)
Migrating to DropHotTopics (20140116170655)
Migrating to AddLoungeCategory (20140120155706)
Migrating to AddInvalidatedAtToInvites (20140121204628)
Migrating to AddMetaCategory (20140122043508)
Migrating to AddPostsReadToUserVisits (20140124202427)
Migrating to RemoveCategoryHotness (20140129164541)
Migrating to AddLocaleToUser (20140206044818)
Migrating to AddDefaultsToCategoryPostsAndTopicsFields (20140206195001)
Migrating to AddMailingListModeToUsers (20140206215029)
Migrating to AddPrimaryGroupIdToUsers (20140210194146)
Migrating to MoveCasSettings (20140211230222)
Migrating to AddTargetsTopicToPostActions (20140211234523)
Migrating to AddSkippedToEmailLogs (20140214151255)
Migrating to RenameSiteSettings (20140220160510)
Migrating to RenameDeleteUserMaxAge (20140220163213)
Migrating to AddProfileBackgroundToUser (20140224232712)
Migrating to AddSingleSignOnRecords (20140224232913)
Migrating to AddCustomEmailInToCategories (20140227104930)
Migrating to AddStaffCategory (20140227201005)
Migrating to AddExternalUsernameToSingleSignOnRecord (20140228005443)
Migrating to AddExternalEmailAndExternalNameToSingleSignOnRecord (20140228173431)
Migrating to AddAdminOnlyToUserHistories (20140228205743)
Migrating to AddNewSinceToUserStats (20140303185354)
Migrating to CreateBadgeTypes (20140304200606)
Migrating to CreateBadges (20140304201403)
Migrating to CreateUserBadges (20140305100909)
Migrating to MoveTopicRevisionsToPostRevisions (20140306223522)
Migrating to AddExcerptToTopics (20140318150412)
Migrating to AddCreatedAtIndexToPosts (20140318203559)
Migrating to FacebookUserInfosUsernameCanBeNil (20140320042653)
Migrating to MakeContentSha1Nullable (20140402201432)
Migrating to AddTitleToTopicLinks (20140404143501)
Migrating to AddPinnedGloballyToTopics (20140407055830)
Migrating to SiteSettingCommaToPipe (20140407202158)
Migrating to AddWikiToPosts (20140408061512)
Migrating to AddDefaultValueToTopTopicScores (20140408152401)
Migrating to AllowLongerUsernames (20140415054717)
Migrating to CreateColorSchemes (20140416202746)
Migrating to CreateColorSchemeColors (20140416202801)
Migrating to RemoveColorHexcodeFromBadgeTypes (20140416235757)
Migrating to AddUserCustomFields (20140421235646)
Migrating to AddVisibileToGroups (20140422195623)
Migrating to AddCustomFields (20140425125742)
Migrating to AddTopicCustomFields (20140425135354)
Migrating to AddTitleableToBadges (20140425172618)
Migrating to AddRegistrationIpAddressToUsers (20140429175951)
Migrating to IncrementReservedTrustLevelBadgeIds (20140504174212)
Migrating to AddLastRedirectedToTopAtToUsers (20140505145918)
Migrating to RemoveSeedColorScheme (20140506200235)
Migrating to RemoveOpacityFromColorSchemeColors (20140507173327)
Migrating to AddInvitedGroups (20140508053815)
Migrating to InitFixedCategoryPositionsValue (20140515220111)
Migrating to AddMultipleAwardToBadges (20140520062826)
Migrating to RemoveHasCustomAvatarFromUserStats (20140520063859)
Migrating to CreateGoogleUserInfos (20140521192142)
Migrating to GoogleOpenidDefaultHasChanged (20140521220115)
Migrating to AddUserAvatars (20140522003151)
Migrating to RemoveUploadedAvatarTemplateFromUsers (20140525233953)
Migrating to ChangeCategoryUniqunessContstraint (20140526185749)
Migrating to AddDisableJumpReplyToUsers (20140526201939)
Migrating to CreateUserProfiles (20140527163207)
Migrating to AddSystemSavatarVersionToUserAvatars (20140527233225)
Migrating to AddBakedAtToPosts (20140528015354)
Migrating to RemoveUseUploadedAvatarFromUser (20140529045508)
Migrating to RemoveSystemAvatarsFromUserAvatars (20140530002535)
Migrating to AddBakedVersionToPost (20140530043913)
Migrating to DisableExternalAuthsByDefault (20140604145431)
Migrating to AddWebsiteToUserProfiles (20140607035234)
Migrating to AddPostIdToUserBadges (20140610012414)
Migrating to AddIconToBadges (20140610012833)
Migrating to MoveBioToUserProfiles (20140610034314)
Migrating to MoveProfileBackgroundToUserProfiles (20140612010718)
Migrating to AddNotificationIdToUserBadge (20140617053829)
Migrating to RenameRegisteredUsers (20140617080955)
Migrating to AddPostIdIndexOnTopicLinks (20140617193351)
Migrating to DontAutoMutoTopics (20140618001820)
Migrating to AddDismissedBannerKeyToUserProfile (20140618163511)
Migrating to AddHiddenAtToPosts (20140620184031)
Migrating to FixCategoriesConstraint (20140623195618)
Migrating to AddRawDataToSearch (20140624044600)
Migrating to AddImagesToCategories (20140627193814)
Migrating to AddFieldsToBadges (20140703022838)
Migrating to IndexUserBadges (20140705081453)
Migrating to AddSelfEditsToPosts (20140707071913)
Migrating to AddBadgePostsAndTopicsView (20140710005023)
Migrating to AddIsQuoteToTopicLinks (20140710224658)
Migrating to AddReadFaqToUserStats (20140711063215)
Migrating to RemoveNotNullFromEmail (20140711143146)
Migrating to RemoveEmailInAddressSetting (20140711193923)
Migrating to BadgesOnlyOnPublicCategories (20140711233329)
Migrating to AddEnabledToBadges (20140714060646)
Migrating to CorrectPostNumberIndex (20140715013018)
Migrating to AddAutoRevokeToBadges (20140715051412)
Migrating to AddQuotedPosts (20140715055242)
Migrating to UpdateUsersCaseInsensitiveEmails (20140715160720)
Migrating to RemoveUncategorizedParents (20140715190552)
Migrating to AddBadgeGroupings (20140716063802)
Migrating to DescriptionOptionalInBadgeGrouping (20140717024528)
Migrating to SetDefaultBadgeGrouping (20140718041445)
Migrating to AddTriggerToBadges (20140721063820)
Migrating to AddAgreedAtAndAgreedByIdToPostAction (20140721161249)
Migrating to RenameDeferColumnsOnPostAction (20140721162307)
Migrating to AddShowPostsToBadges (20140723011456)
Migrating to RemoveInvalidIncomingLinks (20140725050636)
Migrating to RemoveMessageFromPostAction (20140725172830)
Migrating to AddEditHistoryPublicToUsers (20140727030954)
Migrating to FixIndexOnPostAction (20140728120708)
Migrating to AddFirstPostCreatedAtToUserStat (20140728144308)
Migrating to AddPostAndTopicCountsToUserStat (20140728152804)
Migrating to RemoveUniqueConstraintFromInvitesIndex (20140729092525)
Migrating to AddDisagreedAtAndDisagreedByIdToPostAction (20140730203029)
Migrating to AddReplyQuotedToPosts (20140731011328)
Migrating to FixIncomingLinks (20140801052028)
Migrating to CreatePostTimingsUserIndex (20140801170444)
Migrating to IncomingLinkNormalization (20140804010803)
Migrating to RemoveUrlFromIncomingReferer (20140804030041)
Migrating to DropTopicIdFromIncomingLinks (20140804060439)
Migrating to ViewsToTopicViews (20140804072504)
Migrating to NormalizeTopicViewDataAndIndex (20140804075613)
Migrating to AddBioCookedVersionToUserProfile (20140805061612)
Migrating to FixupBadgeIds (20140806003116)
Migrating to AddIndexOnLastSeenToUsers (20140807033123)
Migrating to CreateTopicSearchIndex (20140808051823)
Migrating to AddUserBadgeUniqueIndex (20140809224243)
Migrating to RenameDeferedColumnsOnPostAction (20140811094300)
Migrating to AddDefaultToActive (20140813175357)
Migrating to FixIndexOnPostActions (20140815183851)
Migrating to FixPostActionsIndexAgain (20140815191556)
Migrating to AddNameLowerToCategories (20140815215618)
Migrating to AddExternalAvatarUrlToSingleSignOnRecord (20140817011612)
Migrating to IndexEmailTokens (20140818023700)
Migrating to RenameSettingsPop3sToPop3 (20140826234625)
Migrating to RemoveNullableDates (20140827044811)
Migrating to CreatePermalinks (20140828172407)
Migrating to MakeUrlColBiggerInPermalinks (20140828200231)
Migrating to RemoveCategoryGroupsOrphanedByRemovingCategoryOrGroup (20140831191346)
Migrating to CorrectPostActionIndex (20140904055702)
Migrating to AddViaEmailToPosts (20140904160015)
Migrating to RenameTrustLevelSettings (20140904215629)
Migrating to RenameTrustLevelBadges (20140905055251)
Migrating to CreateWarnings (20140905171733)
Migrating to MigrateWarningTopicSubtypes (20140908165716)
Migrating to TrimProfileLength (20140908191429)
Migrating to CreateTopicUserIndex (20140910130155)
Migrating to PrivateMessagesHaveNoCategoryId (20140911065449)
Migrating to AddTrustLevelLockedColumn (20140913192733)
Migrating to AddRetainHoursToUploads (20140923042349)
Migrating to RenameContentType (20140924192418)
Migrating to CreateUserFields (20140925173220)
Migrating to AddEditableToUserFields (20140929181930)
Migrating to MigrateTosSetting (20140929204155)
Migrating to AddPostIdToUserHistories (20141001101041)
Migrating to AddDescriptionToUserFields (20141002181613)
Migrating to AddBadgeGrantedTitleToUserProfile (20141007224814)
Migrating to AddExernalUrlToPermalinks (20141008152953)
Migrating to AddRequiredSignupToUserFields (20141008181228)
Migrating to AddAutoCloseBasedOnLastPostAndAutoCloseHoursToTopics (20141008192525)
Migrating to AddAutoCloseBasedOnLastPostToCategories (20141008192526)
Migrating to AddHiddenToPostRevision (20141014032859)
Migrating to FixTosName (20141014191645)
Migrating to AddRawEmailToPosts (20141015060145)
Migrating to AddExpansionBackgroundToUserProfiles (20141016183307)
Migrating to AddPublicVersionToPosts (20141020153415)
Migrating to RenameExpansionToCard (20141020154935)
Migrating to AddImageToBadges (20141020164816)
Migrating to AddCardImageToUserProfiles (20141020174120)
Migrating to RenameSeenPostCount (20141030222425)
Migrating to AddFooterToSiteCustomization (20141110150304)
Migrating to CorrectUsernameSearch (20141118011735)
Migrating to AddAllowedIpsToApiKeys (20141120035016)
Migrating to AddHiddenToApiKeys (20141120043401)
Migrating to FixEmojiPath (20141211114517)
Migrating to ResolveDuplicateGroupNames (20141216112341)
Migrating to RemoveOverrideDefaultStylesFromSiteCustomizations (20141222051622)
Migrating to FixEmojiPathTake2 (20141222224220)
Migrating to AmendSiteCustomization (20141222230707)
Migrating to CreateCsvExportLogs (20141223145058)
Migrating to RenameCsvExportLogsToUserExports (20141228151019)
Migrating to CleanUpUserHistory (20150102113309)
Migrating to RemoveStars (20150106215342)
Migrating to AddLikedAndBookmarkedToTopicUser (20150108002354)
Migrating to CreateBookmarkActions (20150108202057)
Migrating to IndexTopicCustomFieldValues (20150108211557)
Migrating to GroupManagers (20150108221703)
Migrating to AddNewSiteCustomizationTypes (20150112172258)
Migrating to MigrateSiteTextToSiteCustomization (20150112172259)
Migrating to AddTopToSiteCustomization (20150114093325)
Migrating to RenameUserExportColumn (20150115172310)
Migrating to AddPostsIndexIncludingDeleted (20150119192813)
Migrating to AddAutomaticMembershipToGroup (20150123145128)
Migrating to AddShowOnProfileToUserFields (20150129204520)
Migrating to AddApplicationRequests (20150203041207)
Migrating to ResetApplicationRequests (20150205032808)
Migrating to AddCustomTypeToUserHistories (20150205172051)
Migrating to FlushApplicationRequests (20150206004143)
Migrating to CreateDigestUnsubscribeKeys (20150213174159)
Migrating to AddPinnedIndexes (20150224004420)
Migrating to AddLongDescriptionToBadges (20150227043622)
Migrating to CreateSuggestedForIndex (20150301224250)
Migrating to AddAllTimeAndOpLikesToTopTopics (20150306050437)
Migrating to CreateDirectoryItems (20150318143915)
Migrating to AddAllowPrivateMessagesToUserProfile (20150323034933)
Migrating to RemoveAllowPrivateMessagesFromUserProfile (20150323062322)
Migrating to AddMutedUsers (20150323234856)
Migrating to AddMoreToDirectoryItems (20150324184222)
Migrating to FixGroupUserCount (20150325183400)
Migrating to CreateQueuedPosts (20150325190959)
Migrating to AddPrimaryGroupToGroups (20150410002033)
Migrating to AddTitleToGroups (20150410002551)
Migrating to IncreaseUrlLengthOnTopicEmbed (20150421085850)
Migrating to AddQueuedPostIdToUserActions (20150421190714)
Migrating to AddLinkPostIdIndexOnTopicLinks (20150422160235)
Migrating to RenameTotalVotesToVoters (20150501152228)
Migrating to AddStylesheetCache (20150505044154)
Migrating to AddIndexOnPostActions (20150513094042)
Migrating to AddUnreadNotificationsIndex (20150514023016)
Migrating to AddUserActionsAllIndex (20150514043155)
Migrating to SetDefaultS3Region (20150525151759)
Migrating to MigrateEmbeddableHost (20150609163211)
Migrating to AddIndexOnPostNotifications (20150617080349)
Migrating to AddIndexTargetPostIdOnUserActions (20150617233018)
Migrating to AddStaffIndexToUsers (20150617234511)
Migrating to AddTopicTemplateToCategories (20150702201926)
Migrating to AddMobileToUserVisits (20150706215111)
Migrating to AddReportsIndexToUserVisits (20150707163251)
Migrating to AddLikeCountToPostMenu (20150709021818)
Migrating to EnlargeUsersEmailField (20150713203955)
Migrating to AddIndexToPostCustomFields (20150724165259)
Migrating to AddActionCodeToPost (20150724182342)
Migrating to CreateUserFieldOptions (20150727193414)
Migrating to AddPinnedUntilToTopics (20150727210019)
Migrating to AddQuarterlyToTopTopics (20150727210748)
Migrating to AddExampleColumnComments (20150727230537)
Migrating to CorrectCustomFieldsMigration (20150728004647)
Migrating to MigrateOldModeratorPosts (20150728210202)
Migrating to MigrateAutoClosePosts (20150729150523)
Migrating to AddPositionToUserFields (20150730154830)
Migrating to MigrateOldMovedPosts (20150731225331)
Migrating to AddPostStats (20150802233112)
Migrating to AddEmbeddedCssToSiteCustomizations (20150806210727)
Migrating to CreateEmbeddableHosts (20150818190757)
Migrating to FixMigratedHosts (20150822141540)
Migrating to AddSuppressFromHomepageToCategory (20150828155137)
Migrating to AddGrantTrustLevelToGroups (20150901192313)
Migrating to CreateUserProfileViews (20150914021445)
Migrating to AddViewsToUserProfile (20150914034541)
Migrating to AddCategoryIdToUserHistories (20150917071017)
Migrating to AddUserIdGroupIdIndexToGroupUsers (20150918004206)
Migrating to AddFancyTitleToTopic (20150924022040)
Migrating to ExcludeWhispersFromBadges (20150925000915)
Migrating to MergePollsVotes (20151016163051)
Migrating to AddLowerTitleIndexOnTopics (20151103233815)
Migrating to AddStagedToUser (20151105181635)
Migrating to FixIncorrectTopicCreatorAfterMove (20151107041044)
Migrating to AddOwnerToGroupUsers (20151107042241)
Migrating to DropGroupManagers (20151109124147)
Migrating to CreateTranslationOverrides (20151113205046)
Migrating to AddAutomaticallyUnpinTopicsToUsers (20151117165756)
Migrating to AddIsSupportToCategories (20151124172631)
Migrating to RenameNinjaEdit (20151124192339)
Migrating to RemoveSiteText (20151125194322)
Migrating to RenameIsSupportToContainsMessages (20151126173356)
Migrating to AddBakedHeadAndBodyToSiteCustomizations (20151126233623)
Migrating to AddHeaderAndFooterBakedToSiteCustomizations (20151127011837)
Migrating to AddGroupMentions (20151201035631)
Migrating to AddIncomingEmailToGroups (20151201161726)
Migrating to AddNotificationLevelToGroupUsers (20151214165852)
Migrating to AddUniqueIndexToCategoryUsers (20151218232200)
Migrating to AddHasMessagesToGroups (20151219045559)
Migrating to AddUserArchivedMessagesGroupArchivedMessages (20151220232725)
Migrating to FixIncorrectUserHistory (20160108051129)
Migrating to ArchiveSystemMessagesWithNoReplies (20160110053003)
Migrating to RemoveUsersFromTopicAllowedUsers (20160112025852)
Migrating to RemoveContainsMessageOnCategory (20160112101818)
Migrating to AddContainsMessagesBackToCategories (20160112104733)
Migrating to CreateIncomingEmails (20160113160742)
Migrating to RebakeHtmlCustomizations (20160118174335)
Migrating to BackfillIncomingEmails (20160118233631)
Migrating to ChangeDefaultNotificationLevelOnGroups (20160127105314)
Migrating to MigrateUncategorizedDescriptionSetting (20160127222802)
Migrating to FixEmailLogs (20160201181320)
Migrating to RemoveInvalidWebsites (20160206210202)
Migrating to AddUnreadPmIndexToNotifications (20160215075528)
Migrating to CreateInstagramUserInfos (20160224033122)
Migrating to AddUserOptions (20160225050317)
Migrating to AllowDefaultsOnUsersTable (20160225050318)
Migrating to MoveTrackingOptionsToUserOptions (20160225050319)
Migrating to AddEmailPreviousRepliesToUserOptions (20160225050320)
Migrating to AddEmailInReplyToToUserOptions (20160225095306)
Migrating to RebuildDirectoryItemWithIndex (20160302063432)
Migrating to AddLikeNotificationFrequencyToUserOptions (20160302104253)
Migrating to RenameDigestAfterDaysToDigestAfterMinutes (20160302170230)
Migrating to ClearCommonPasswordsCache (20160303183607)
Migrating to AddRejectionMessageToIncomingEmail (20160303234317)
Migrating to CreateEmailChangeRequests (20160307190919)
Migrating to RenameConfirmTranslationKey (20160308193142)
Migrating to AddMailingListModeFrequency (20160309073132)
Migrating to CreateGivenDailyLikes (20160317174357)
Migrating to AddIncludeTl0InDigestsToUserOptions (20160317201955)
Migrating to ClosePollsInClosedTopics (20160321164925)
Migrating to AddUserFirstVisit (20160326001747)
Migrating to RemoveWikiColor (20160329101122)
Migrating to CreateUserFirsts (20160405172827)
Migrating to RemoveUserFirsts (20160407160756)
Migrating to CreateOnceoffLogs (20160407180149)
Migrating to AddShowOnUserCardToUserFields (20160408131959)
Migrating to AddCompiledJsToTranslationOverrides (20160408175727)
Migrating to AddBounceKeyToEmailLog (20160418065403)
Migrating to AddIsAutoGeneratedToIncomingEmails (20160420172330)
Migrating to FixIncomingEmailsIndices (20160425141954)
Migrating to AddSupportForBouncedEmails (20160427202222)
Migrating to CreateTags (20160503205953)
Migrating to RemoveInvalidTopicUser (20160514100852)
Migrating to ShortenTopicCustomFieldsIndex (20160520022627)
Migrating to CorrectMailingListModeFrequency (20160527015355)
Migrating to CreateCategoryTags (20160527191614)
Migrating to CreateSchedulerStats (20160530003739)
Migrating to AddMessageIdToEmailLogs (20160530203810)
Migrating to CreateTagGroups (20160602164008)
Migrating to CreateCategoryTagGroups (20160606204319)
Migrating to AddTagGroupOptions (20160607213656)
Migrating to RemoveTagCountFromTagGroups (20160609203508)
Migrating to RenameDigestUnsbscribeKeys (20160615024524)
Migrating to RenameNumFlagsToBlockNewUser (20160615165447)
Migrating to UseHttpsNameChangeInSiteSettings (20160627104436)
Migrating to AddCompilerVersionToSiteCustomizations (20160707195549)
Migrating to RemoveEditHistoryPublic (20160716112354)
Migrating to AddDeletedPostIndexToPosts (20160719002225)
Migrating to AddAuthTokenCreatedAtToUsers (20160722071221)
Migrating to RenameAuthTokenCreatedAt (20160725015749)
Migrating to CreateDevelopersTable (20160727233044)
Migrating to AddUserApiKeys (20160815002002)
Migrating to AddFlairUrlToGroups (20160815210156)
Migrating to UserApiClientIdIsUnique (20160816052836)
Migrating to AddRevokedAtToUserApiKeys (20160816063534)
Migrating to AddPathWhitelistToEmbeddableHosts (20160823171911)
Migrating to AddFlairColorToGroups (20160826195018)
Migrating to CreateWebHookEventTypes (20160905082217)
Migrating to CreateWebHooks (20160905082248)
Migrating to CreateWebHookEvents (20160905084502)
Migrating to CreateJoinTableWebHooksWebHookEventTypes (20160905085445)
Migrating to CreateJoinTableWebHooksGroups (20160905091958)
Migrating to CreateJoinTableWebHooksCategories (20160905092148)
Migrating to AddViaWizardToColorSchemes (20160906200439)
Migrating to AddAvatarUrlToFacebookInfo (20160919003141)
Migrating to AddFieldsToFacebookUserInfo (20160919054014)
Migrating to AddModeratorToInvites (20160920165833)
Migrating to AddNotificationLevelWhenReplying (20160930123330)
Migrating to SingleSignOnIncreaseExternalAvatarUrl (20161010230853)
Migrating to AddScopesToUserApiKeys (20161013012136)
Migrating to AddDirectoryItemsIndexes (20161014171034)
Migrating to FixCategoryLogoAndBackgroundUrls (20161025083648)
Migrating to AddImageUrlToPosts (20161029181306)
Migrating to AddSortFieldsToCategories (20161031183811)
Migrating to AddPostUploadsIndexes (20161102024700)
Migrating to AddUploadedAvatarIdIndexToUsers (20161102024818)
Migrating to AddUserAvatarsIndexes (20161102024838)
Migrating to AddUserProfilesIndexes (20161102024900)
Migrating to AddCategoriesIndexes (20161102024920)
Migrating to AddScoresIndexesToTopTopics (20161124020918)
Migrating to AddWhisperSupportToTopics (20161202011139)
Migrating to AddUploadsToCategories (20161202034856)
Migrating to AddTopicColumnsBack (20161205001727)
Migrating to AddBioToGroups (20161205065743)
Migrating to AddPublicToGroups (20161207030057)
Migrating to CreateGroupHistories (20161208064834)
Migrating to AddAllowMembershipRequestsToGroups (20161212123649)
Migrating to AddFullNameToGroups (20161213073938)
Migrating to MigrateFeaturedLinkFields (20161215201907)
Migrating to AddAllTopicsWikiToCategories (20161216101352)
Migrating to AddUserAuthTokens (20170124181409)
Migrating to CreateCustomEmojis (20170201085745)
Migrating to AddUserAuthTokenLog (20170213180857)
Migrating to AddSeenAtToUserAuthToken (20170215151505)
Migrating to AddShowSubcategoryListToCategories (20170221204204)
Migrating to MakeUserAuthTokenIndexUnique (20170222173036)
Migrating to AddFeaturedTopicsToCategories (20170227211458)
Migrating to AddDefaultViewToCategories (20170301215150)
Migrating to AddIndexToTopicViewItems (20170303070706)
Migrating to AddPathToUserAuthTokenLog (20170307181800)
Migrating to AddSubcategoryListStyleToCategories (20170308201552)
Migrating to AddThemes (20170313192741)
Migrating to CreateTopicStatusUpdates (20170322065911)
Migrating to AddThemeToStylesheetCache (20170322155537)
Migrating to AddDefaultTopPeriodToCategories (20170322191305)
Migrating to MoveAutoCloseColumnsToTopicStatusUpdate (20170324032913)
Migrating to AmendCssColumnsInTheme (20170324144456)
Migrating to BreakUpThemesTable (20170328163918)
Migrating to AddCompilerVersionToThemeFields (20170328203122)
Migrating to AddIndexToTopicStatusUpdates (20170330041605)
Migrating to AddCategoryIdToTopicStatusUpdates (20170403062717)
Migrating to RenameThemeId (20170407154510)
Migrating to AddThemeRemoteFields (20170410170923)
Migrating to RenameWarnings (20170413043152)
Migrating to AddThemeIdToColorScheme (20170417164715)
Migrating to AddErrorToThemeFields (20170419193714)
Migrating to AddDefaultNotificationLevelToGroup (20170420163628)
Migrating to AddDeletedAtToTopicEmbeds (20170425083011)
Migrating to AddErrorToSchedulerStats (20170425172415)
Migrating to AddUploadIdToThemeFields (20170501191912)
Migrating to MigrateMailingListDailyUpdatesUsersToDailySummary (20170505035229)
Migrating to AddCssClassNameToEmbeddableHosts (20170508183819)
Migrating to RemoveConvertPastedImageSiteSetting (20170511071355)
Migrating to RenameConvertPastedImagesQualitySiteSetting (20170511080007)
Migrating to RenameTopicStatusUpdatesToTopicTimers (20170511184842)
Migrating to AddThemeKeyToUserOptions (20170512153318)
Migrating to CreateTopicStatusUpdatesAgain (20170512185227)
Migrating to AddThemeKeySeqToUserOptions (20170515152725)
Migrating to AddPublicTypeToTopicTimers (20170515203721)
Migrating to FixGroupAllowMembershipRequests (20170602132735)
Migrating to RemoveAutoCloseColumnsFromTopics (20170605014820)
Migrating to AddExtensionToTopicLinks (20170609115401)
Migrating to CreateWatchedWords (20170628152322)
Migrating to AddCustomMessageToInvite (20170630083540)
Migrating to AddExtensionToUploads (20170703115216)
Migrating to AddVisibilityLevelToGroups (20170703144855)
Migrating to AddVisibleBackToGroups (20170704142141)
Migrating to CreateSearchLogs (20170713164357)
Migrating to CreateUserEmails (20170717084947)
Migrating to CorrectDefaultEmailMailingListModeFrequency (20170725075535)
Migrating to SplitPublicInGroups (20170728012754)
Migrating to AddMembershipRequestTemplateToGroups (20170731075604)
Migrating to AddVersionToSearchData (20170803123704)
Migrating to SplitAliasLevels (20170818191909)
Migrating to CreateTagSearchData (20170823173427)
Migrating to AddSlugIndexOnTopic (20170824172615)
Migrating to RemoveWhisperTopicLinks (20170831180419)
Migrating to RenameForgotPasswordStrictSetting (20171003180951)
Migrating to AddAllowPrivateMessagesToUserOptions (20171006030028)
Migrating to AddUserOptionHome (20171026014317)
Migrating to RenameBlockedSilence (20171110174413)
Migrating to AddSilencedTillToUsers (20171113175414)
Migrating to AddTimeReadToUserVisits (20171113214725)
Migrating to AddMailinglistMirrorToCategories (20171115170858)
Migrating to AddTrustLevelLocksToUsers (20171123200157)
Migrating to RenameClickedTopicIdToSearchResultId (20171128172835)
Migrating to ReplaceInviteMailerTranslationOverride (20171213105921)
Migrating to AddEmailToTwitterUserInfo (20171214040346)
Migrating to ChangeUserEmailsPrimaryIndex (20171220181249)
Migrating to ReplaceBlockedSilenceTranslation (20171228122834)
Migrating to CreateUserSecondFactors (20180109222722)
Migrating to AddIndexesToEmailLogs (20180111092141)
Migrating to CreateThemeSettings (20180118215249)
Migrating to AddLockedByToPosts (20180125185717)
Migrating to RemoveOldGaSiteSettings (20180127005644)
Migrating to RenamePrivatePersonal (20180131052859)
Migrating to AddSkippedCreatedAtUserIdIndexOnEmailLogs (20180207161422)
Migrating to CreateCategoryTagStats (20180207163946)
Migrating to AddSuppressFromLatestToCategories (20180221215641)
Migrating to FixGoogleOauth2PromptDataType (20180223041147)
Migrating to RemoveCensoredPatternSiteSetting (20180223222415)
Migrating to DropRaiseReadOnlyFunction (20180308071922)
Migrating to AddPrivateKeyToRemoteTheme (20180309014014)
Migrating to AddExternalProfileAndCardBackgroundUrlToSingleSignOnRecord (20180316092939)
Migrating to CreateSharedDrafts (20180316165104)
Migrating to CreateWebCrawlerRequests (20180320190339)
Migrating to CreateTagGroupPermissions (20180323154826)
Migrating to AddIdToSharedDrafts (20180323161659)
Migrating to AddPostCustomFieldsAkismetIndex (20180327062911)
Migrating to AddCategoryIndexToSharedDrafts (20180328180317)
Migrating to AddMinimumRequiredTagsToCategories (20180331125522)
Migrating to AddUploadIdToUserExports (20180419095326)
Migrating to RemoveStaffTagsSetting (20180420141134)
Migrating to DropUserCardBadgeColumns (20180425152503)
Migrating to CreatePushSubscription (20180425185749)
Migrating to RemoveInvitePassthroughHours (20180508142711)
Migrating to AddPmTopicCountToTags (20180514133440)
Migrating to DeleteConfirmOldEmailTemplateOverrides (20180519053933)
Migrating to ChangeIndexesTopicViewItem (20180521175611)
Migrating to AllowNullIpSearchLog (20180521184439)
Migrating to AllowNullIpTopicLinkClick (20180521190040)
Migrating to AllowNullIpUserProfileView (20180521191418)
Migrating to MigrateDisableEmails (20180607095414)
Migrating to AddIndexTopicIdPercentRankOnPosts (20180621013807)
Migrating to DropKeyColumnFromThemes (20180706054922)
Migrating to AddIndexTopicIdSortOrderOnPosts (20180710075119)
Migrating to DisallowMultiLevelsThemeComponents (20180710172959)
Migrating to AddIndexUserIdOnUserSecondFactors (20180716062012)
Migrating to AddNavigateToFirstPostAfterReadToCategories (20180716062405)
Migrating to AlterBounceKeyOnEmailLogs (20180716072125)
Migrating to AddUniqIpOrUserIdTopicViews (20180716140323)
Migrating to AddThemeKeyDefault (20180716200103)
Migrating to DropNotNullIpAddressOnTopicViews (20180717025038)
Migrating to AlterReplyKeyOnEmailLogs (20180717084758)
Migrating to CreatePostReplyKeys (20180718062728)
Migrating to AlterIndexesOnEmailLogs (20180719103905)
Migrating to CreateSkippedEmailLogs (20180720054856)
Migrating to DropTopicIdOnEmailLogs (20180724070554)
Migrating to DropReplyKeySkippedSkippedReasonFromEmailLogs (20180727042448)
Migrating to RemoveTrackExternalRightClicks (20180729092926)
Migrating to AddIndexEmailLogsOnBounced (20180803085321)
Migrating to AddUserApiKeysLastUsedAt (20180812150839)
Migrating to AddComponentToThemes (20180813074843)
Migrating to CreatePollsTables (20180820073549)
Migrating to MigratePollsData (20180820080623)
Migrating to AddFilesizeToOptimizedImages (20180827053514)
Migrating to ChangeBounceScoreToFloat (20180828065005)
Migrating to AddBranchToRemoteTheme (20180831182853)
Migrating to AddLastErrorTextToRemoteThemes (20180907075713)
Migrating to RemoveEnforceSquareEmoji (20180913200027)
Migrating to MigrateS3BackupSiteSettings (20180916195601)
Migrating to RemoveSuperfluousColumns (20180917024729)
Migrating to RemoveSuperfluousTables (20180917034056)
Migrating to AddExternalDetailsToUserFields (20180920023559)
Migrating to CreateUserUploads (20180920042415)
Migrating to CreateJavascriptCaches (20180927135248)
Migrating to AddIndexToTags (20180928105835)
Migrating to AddSsoProviderSecretsToSiteSettings (20181005084357)
Migrating to AddViaEmailToInvites (20181005144357)
Migrating to AddHideProfileAndPresenceToUserOptions (20181010150631)
Migrating to DropGroupLockedTrustLevelFromUser (20181012123001)
Migrating to AddFlagStatsToUser (20181031165343)
Migrating to CreateUserAssociatedAccounts (20181108115009)
Migrating to MigrateUrlSiteSettings (20181112013117)
Migrating to MigrateCorporateSiteSettings (20181120140552)
Migrating to MigrateFacebookUserInfo (20181128140547)
Migrating to AddNotNullMinimumRequiredTagsOnCategories (20181129094518)
Migrating to AddUploadedMetaIdToCategories (20181204123042)
Migrating to CreateJoinTableWebHooksTags (20181204193426)
Migrating to MigrateTwitterUserInfo (20181207141900)
Migrating to RemoveNotNullUserAssociatedAccountUser (20181210122522)
Migrating to AddEtagToUploads (20181218071253)
Migrating to CreateThemeTranslationOverride (20181221121805)
Migrating to AddVersionToOptimizedImages (20190103051737)
Migrating to ForceRebakeOnPostsWithImages (20190103060819)
Migrating to RemoveUploadedMetaIdFromCategory (20190103065652)
Migrating to CreateReviewables (20190103160533)
Migrating to CreateReviewableUsers (20190103185626)
Migrating to AddTopicIdIndexToUserHistories (20190106041015)
Migrating to AddTextSizeKeyToUserOptions (20190108110630)
Migrating to EnableContentSecurityPolicyForNewSites (20190110142917)
Migrating to RemoveGooglePlusFromShareLinksSiteSetting (20190110201340)
Migrating to CreateReviewableHistories (20190110212005)
Migrating to MigrateReviewableQueuedPosts (20190111170824)
Migrating to CreateGroupRequests (20190117191606)
Migrating to RemoveUserActionPending (20190121202656)
Migrating to DropQueuedPostIdFromUserActions (20190121203023)
Migrating to AddFieldsToRemoteThemes (20190122132732)
Migrating to DropQueuedPosts (20190123171817)
Migrating to CopyLoginRequiredWelcomeMessage (20190125103246)
Migrating to AddTextSizeSeqToUserOption (20190125153345)
Migrating to AddIndexOnUserIdToSingleSignOnRecords (20190130013015)
Migrating to CreateReviewableScores (20190130163000)
Migrating to MigrateReviewableFlaggedPosts (20190130163001)
Migrating to DropUnusedAuthTables (20190205104116)
Migrating to DropUnusedAuthTablesAgain (20190208144706)
Migrating to AddScoreBonusToPostActionTypes (20190215204033)
Migrating to AddIgnoredUsersTable (20190225133654)
Migrating to MigrateInstagramUserInfo (20190227150413)
Migrating to AddMissingTopicIdSiteSettings (20190227210035)
Migrating to MigrateUncategorizedCategoryName (20190304170931)
Migrating to MigrateGoogleUserInfo (20190306154335)
Migrating to AddReviewableScoreToTopics (20190306184409)
Migrating to MigrateEmailUserOptions (20190312181641)
Migrating to DropEmailUserOptionsColumns (20190312194528)
Migrating to MigrateDefaultUserEmailOptions (20190313134642)
Migrating to AddIndexesToReviewables (20190313171338)
Migrating to RenameModeratorSiteSettings (20190313205652)
Migrating to AddSearchPriorityToCategories (20190314082018)
Migrating to AddSummarizedAtColumnToIgnoredUsersTable (20190314144755)
Migrating to MigrateBlankOverrideForUploadSiteSettings (20190315025804)
Migrating to MigrateNullOverrideForUploadSiteSettings (20190315055432)
Migrating to AddIndexToReviewableHistories (20190315170411)
Migrating to MigrateFlagHistory (20190315174428)
Migrating to AddIndexPostActionTypeIdDisagreedAtOnPostActions (20190320091323)
Migrating to RemoveS3ForcePathStyle (20190320104640)
Migrating to AddIndexMethodEnabledOnUserSecondFactors (20190321072029)
Migrating to ForceRebakeOnPostsWithLightboxes (20190322152347)
Migrating to MakeSiteSettingsUnique (20190325162154)
Migrating to AddIndexCreatedAtOnSearchLogs (20190326123708)
Migrating to AddExpiringAtColumnToIgnoredUsersTable (20190327090918)
Migrating to RequireReviewableScores (20190327205525)
Migrating to AddFirstUnreadAtToUserStats (20190402024053)
Migrating to DisableInviteOnlySso (20190402142223)
Migrating to AddAllowGlobalTagsToCategories (20190403180142)
Migrating to FixReviewableUsers (20190403202001)
Migrating to AddIndexActionTypeCreatedAtOnUserActions (20190405044140)
Migrating to AddIndexIdBakedVersionOnPosts (20190408072550)
Migrating to AddSearchDataIndexes (20190408082101)
Migrating to AddIndexForRebakeOldOnPosts (20190409054736)
Migrating to AddIndexReplyIdOnPostReplies (20190410055459)
Migrating to RemoveIgnoreUserEnabledSiteSetting (20190410102915)
Migrating to AddMissingUploadsIndexToPostCustomFields (20190410122835)
Migrating to AddTitleCountModeToUserOptions (20190411121312)
Migrating to AddReasonToReviewableScores (20190411144545)
Migrating to AddCreatedByIndexToReviewables (20190412161430)
Migrating to RenamePostNotices (20190414162753)
Migrating to MigrateNativeAppBannerSiteSetting (20190417135049)
Migrating to AddReviewGroupToCategory (20190417203622)
Migrating to AddUniqueIndexToGroupRequests (20190418113814)
Migrating to IncreaseThemeFieldNameLength (20190423112954)
Migrating to AddPostImageIndexes (20190424065841)
Migrating to AddUploadForeignKeysToUserProfiles (20190426011148)
Migrating to AddMissingUserDestroyerIndexes (20190426074404)
Migrating to AddIncomingEmailByUserIdIndex (20190426123026)
Migrating to AddIndexOnUserAuthTokenUser (20190426123658)
Migrating to MigrateEnglishLocale (20190430135846)
Migrating to AddBounceKeyIndexOnEmailLogs (20190502223613)
Migrating to RemoveLikeCountFromPostMenu (20190503180839)
Migrating to RenameSiteSettingDefaultTopics (20190508135348)
Migrating to CreateReviewableClaimedTopics (20190508141327)
Migrating to DropClaimedById (20190508141824)
Migrating to AddMissingUploadsIgnoredIndexToPostCustomFields (20190508193900)
Migrating to AddThemeIdToJavascriptCache (20190513143015)
Migrating to AddReadNotificationIndex (20190514055014)
Migrating to AddPriorityToPostActionTypes (20190522194332)
Migrating to AddTopicIdToUserExports (20190523093215)
Migrating to AddUniqueConstraintToShadowAccounts (20190529002752)
Migrating to AddEnableDeferToUserOptions (20190531044744)
Migrating to MergeRemoveMutedTagsFromLatestSiteSettings (20190531101648)
Migrating to ChangeThemeFieldCompilerVersion (20190603134013)
Creating scope :open. Overwriting existing method Poll.open.
Creating scope :open. Overwriting existing method Poll.open.
Started GET "/" for 127.0.0.1 at 2019-06-04 14:38:34 +0000
Processing by FinishInstallationController#index as HTML
Completed 500 Internal Server Error in 5ms (ActiveRecord: 0.0ms)
ActiveRecord::StatementInvalid (PG::ConnectionBad: PQconsumeInput() server closed the connection unexpectedly
	This probably means the server terminated abnormally
	before or while processing the request.
: SELECT "groups"."id", "groups"."name" FROM "groups" WHERE (groups.id IN (
  SELECT g.id FROM groups g WHERE g.visibility_level = 0

  UNION ALL

  SELECT g.id FROM groups g
  JOIN group_users gu ON gu.group_id = g.id AND
                         gu.user_id = NULL
  WHERE g.visibility_level = 1

  UNION ALL

  SELECT g.id FROM groups g
  LEFT JOIN group_users gu ON gu.group_id = g.id AND
                         gu.user_id = NULL AND
                         gu.owner
  WHERE g.visibility_level = 2 AND (gu.id IS NOT NULL OR FALSE)

  UNION ALL

  SELECT g.id FROM groups g
  JOIN group_users gu ON gu.group_id = g.id AND
                         gu.user_id = NULL AND
                         gu.owner
  WHERE g.visibility_level = 3

)
) ORDER BY name ASC, "groups"."name" ASC)
/var/www/discourse/vendor/bundle/ruby/2.6.0/gems/rack-mini-profiler-1.0.2/lib/patches/db/pg.rb:69:in `async_exec_params'
Failed to handle exception in exception app middleware : PG::ConnectionBad: PQconsumeInput() server closed the connection unexpectedly
	This probably means the server terminated abnormally
	before or while processing the request.
: SELECT "groups"."id", "groups"."name" FROM "groups" WHERE (groups.id IN (
  SELECT g.id FROM groups g WHERE g.visibility_level = 0

  UNION ALL

  SELECT g.id FROM groups g
  JOIN group_users gu ON gu.group_id = g.id AND
                         gu.user_id = NULL
  WHERE g.visibility_level = 1

  UNION ALL

  SELECT g.id FROM groups g
  LEFT JOIN group_users gu ON gu.group_id = g.id AND
                         gu.user_id = NULL AND
                         gu.owner
  WHERE g.visibility_level = 2 AND (gu.id IS NOT NULL OR FALSE)

  UNION ALL

  SELECT g.id FROM groups g
  JOIN group_users gu ON gu.group_id = g.id AND
                         gu.user_id = NULL AND
                         gu.owner
  WHERE g.visibility_level = 3

)
) ORDER BY name ASC, "groups"."name" ASC
Started GET "/" for 127.0.0.1 at 2019-06-04 14:38:37 +0000
Processing by FinishInstallationController#index as HTML
  Rendering finish_installation/index.html.erb within layouts/finish_installation
  Rendered finish_installation/index.html.erb within layouts/finish_installation (1.4ms)
  Rendered layouts/_head.html.erb (7.6ms)
Completed 200 OK in 151ms (Views: 87.8ms | ActiveRecord: 0.0ms)
Started GET "/stylesheets/wizard_c8cd633eb0efc37981caba687ebaef3c0c386b48.css?__ws=discourse.local" for 127.0.0.1 at 2019-06-04 14:38:37 +0000
Processing by StylesheetsController#show as CSS
  Parameters: {"__ws"=>"discourse.local", "name"=>"wizard_c8cd633eb0efc37981caba687ebaef3c0c386b48"}
Sent file /var/www/discourse/tmp/stylesheet-cache/wizard_c8cd633eb0efc37981caba687ebaef3c0c386b48.css (0.2ms)
Completed 200 OK in 2ms (ActiveRecord: 0.0ms)
Started GET "/" for 127.0.0.1 at 2019-06-04 14:41:01 +0000
Processing by FinishInstallationController#index as HTML
  Rendering finish_installation/index.html.erb within layouts/finish_installation
  Rendered finish_installation/index.html.erb within layouts/finish_installation (0.8ms)
  Rendered layouts/_head.html.erb (1.1ms)
Completed 200 OK in 48ms (Views: 6.2ms | ActiveRecord: 0.0ms)
Started GET "/" for 127.0.0.1 at 2019-06-04 14:41:21 +0000
Processing by FinishInstallationController#index as HTML
Completed 500 Internal Server Error in 5ms (ActiveRecord: 0.0ms)
ActiveRecord::StatementInvalid (PG::ConnectionBad: PQconsumeInput() server closed the connection unexpectedly
	This probably means the server terminated abnormally
	before or while processing the request.
: SELECT  "topics".* FROM "topics" WHERE ("topics"."deleted_at" IS NULL) AND "topics"."archetype" = 'banner' ORDER BY "topics"."id" ASC LIMIT 1)
/var/www/discourse/vendor/bundle/ruby/2.6.0/gems/rack-mini-profiler-1.0.2/lib/patches/db/pg.rb:69:in `async_exec_params'
Failed to handle exception in exception app middleware : PG::ConnectionBad: PQconsumeInput() server closed the connection unexpectedly
	This probably means the server terminated abnormally
	before or while processing the request.
: SELECT  "topics".* FROM "topics" WHERE ("topics"."deleted_at" IS NULL) AND "topics"."archetype" = 'banner' ORDER BY "topics"."id" ASC LIMIT 1
Started GET "/" for 127.0.0.1 at 2019-06-04 14:41:21 +0000
Processing by FinishInstallationController#index as HTML
Completed 500 Internal Server Error in 6ms (ActiveRecord: 0.0ms)
ActiveRecord::StatementInvalid (PG::ConnectionBad: PQconsumeInput() server closed the connection unexpectedly
	This probably means the server terminated abnormally
	before or while processing the request.
: SELECT  "topics".* FROM "topics" WHERE ("topics"."deleted_at" IS NULL) AND "topics"."archetype" = 'banner' ORDER BY "topics"."id" ASC LIMIT 1)
/var/www/discourse/vendor/bundle/ruby/2.6.0/gems/rack-mini-profiler-1.0.2/lib/patches/db/pg.rb:69:in `async_exec_params'
Failed to handle exception in exception app middleware : PG::ConnectionBad: PQconsumeInput() server closed the connection unexpectedly
	This probably means the server terminated abnormally
	before or while processing the request.
: SELECT  "topics".* FROM "topics" WHERE ("topics"."deleted_at" IS NULL) AND "topics"."archetype" = 'banner' ORDER BY "topics"."id" ASC LIMIT 1
Started GET "/" for 127.0.0.1 at 2019-06-04 14:41:21 +0000
Processing by FinishInstallationController#index as HTML
  Rendering finish_installation/index.html.erb within layouts/finish_installation
  Rendered finish_installation/index.html.erb within layouts/finish_installation (1.8ms)
  Rendered layouts/_head.html.erb (5.2ms)
Completed 200 OK in 33ms (Views: 13.5ms | ActiveRecord: 0.0ms)
Started GET "/" for 127.0.0.1 at 2019-06-04 14:41:23 +0000
Processing by FinishInstallationController#index as HTML
  Rendering finish_installation/index.html.erb within layouts/finish_installation
  Rendered finish_installation/index.html.erb within layouts/finish_installation (0.9ms)
  Rendered layouts/_head.html.erb (1.5ms)
Completed 200 OK in 6ms (Views: 3.5ms | ActiveRecord: 0.0ms)
Started GET "/" for 127.0.0.1 at 2019-06-04 14:41:23 +0000
Processing by FinishInstallationController#index as HTML
  Rendering finish_installation/index.html.erb within layouts/finish_installation
  Rendered finish_installation/index.html.erb within layouts/finish_installation (2.8ms)
  Rendered layouts/_head.html.erb (2.9ms)
Completed 200 OK in 20ms (Views: 9.7ms | ActiveRecord: 0.0ms)
Started GET "/" for 127.0.0.1 at 2019-06-04 14:41:23 +0000
Processing by FinishInstallationController#index as HTML
  Rendering finish_installation/index.html.erb within layouts/finish_installation
  Rendered finish_installation/index.html.erb within layouts/finish_installation (1.5ms)
  Rendered layouts/_head.html.erb (7.7ms)
Completed 200 OK in 26ms (Views: 14.5ms | ActiveRecord: 0.0ms)
Started GET "/" for 127.0.0.1 at 2019-06-04 14:41:23 +0000
Processing by FinishInstallationController#index as HTML
  Rendering finish_installation/index.html.erb within layouts/finish_installation
  Rendered finish_installation/index.html.erb within layouts/finish_installation (0.5ms)
  Rendered layouts/_head.html.erb (1.0ms)
Completed 200 OK in 4ms (Views: 2.2ms | ActiveRecord: 0.0ms)
Started GET "/" for 127.0.0.1 at 2019-06-04 14:41:24 +0000
Processing by FinishInstallationController#index as HTML
  Rendering finish_installation/index.html.erb within layouts/finish_installation
  Rendered finish_installation/index.html.erb within layouts/finish_installation (3.2ms)
  Rendered layouts/_head.html.erb (4.5ms)
Completed 200 OK in 22ms (Views: 12.5ms | ActiveRecord: 0.0ms)
Started GET "/" for 127.0.0.1 at 2019-06-04 14:41:24 +0000
Processing by FinishInstallationController#index as HTML
  Rendering finish_installation/index.html.erb within layouts/finish_installation
  Rendered finish_installation/index.html.erb within layouts/finish_installation (0.6ms)
  Rendered layouts/_head.html.erb (0.9ms)
Completed 200 OK in 4ms (Views: 2.4ms | ActiveRecord: 0.0ms)
Started GET "/" for 127.0.0.1 at 2019-06-04 14:41:24 +0000
Processing by FinishInstallationController#index as HTML
  Rendering finish_installation/index.html.erb within layouts/finish_installation
  Rendered finish_installation/index.html.erb within layouts/finish_installation (0.6ms)
  Rendered layouts/_head.html.erb (1.7ms)
Completed 200 OK in 5ms (Views: 3.5ms | ActiveRecord: 0.0ms)
Started GET "/" for 127.0.0.1 at 2019-06-04 14:41:24 +0000
Processing by FinishInstallationController#index as HTML
  Rendering finish_installation/index.html.erb within layouts/finish_installation
  Rendered finish_installation/index.html.erb within layouts/finish_installation (2.5ms)
  Rendered layouts/_head.html.erb (3.5ms)
Completed 200 OK in 18ms (Views: 9.6ms | ActiveRecord: 0.0ms)
Started GET "/" for 127.0.0.1 at 2019-06-04 14:41:24 +0000
Processing by FinishInstallationController#index as HTML
  Rendering finish_installation/index.html.erb within layouts/finish_installation
  Rendered finish_installation/index.html.erb within layouts/finish_installation (0.5ms)
  Rendered layouts/_head.html.erb (1.9ms)
Completed 200 OK in 6ms (Views: 3.9ms | ActiveRecord: 0.0ms)
Started GET "/" for 127.0.0.1 at 2019-06-04 14:41:25 +0000
Processing by FinishInstallationController#index as HTML
  Rendering finish_installation/index.html.erb within layouts/finish_installation
  Rendered finish_installation/index.html.erb within layouts/finish_installation (3.4ms)
  Rendered layouts/_head.html.erb (5.5ms)
Completed 200 OK in 24ms (Views: 13.2ms | ActiveRecord: 0.0ms)
Started GET "/" for 127.0.0.1 at 2019-06-04 14:41:25 +0000
Processing by FinishInstallationController#index as HTML
  Rendering finish_installation/index.html.erb within layouts/finish_installation
  Rendered finish_installation/index.html.erb within layouts/finish_installation (0.5ms)
  Rendered layouts/_head.html.erb (0.9ms)
Completed 200 OK in 3ms (Views: 2.1ms | ActiveRecord: 0.0ms)
Started GET "/" for 127.0.0.1 at 2019-06-04 14:41:25 +0000
Processing by FinishInstallationController#index as HTML
  Rendering finish_installation/index.html.erb within layouts/finish_installation
  Rendered finish_installation/index.html.erb within layouts/finish_installation (0.5ms)
  Rendered layouts/_head.html.erb (1.3ms)
Completed 200 OK in 4ms (Views: 2.7ms | ActiveRecord: 0.0ms)
Job exception: PG::UnableToSend: no connection to the server
: SET client_min_messages TO 'warning'

Job exception: PG::UnableToSend: no connection to the server
: SET client_min_messages TO 'warning'

Creating scope :open. Overwriting existing method Poll.open.
Started GET "/" for 127.0.0.1 at 2019-06-04 14:57:08 +0000
Processing by FinishInstallationController#index as HTML
  Rendering finish_installation/index.html.erb within layouts/finish_installation
  Rendered finish_installation/index.html.erb within layouts/finish_installation (1.8ms)
  Rendered layouts/_head.html.erb (6.9ms)
Completed 200 OK in 86ms (Views: 29.0ms | ActiveRecord: 0.0ms)
Started GET "/" for 127.0.0.1 at 2019-06-04 14:57:30 +0000
Processing by FinishInstallationController#index as HTML
  Rendering finish_installation/index.html.erb within layouts/finish_installation
  Rendered finish_installation/index.html.erb within layouts/finish_installation (0.9ms)
  Rendered layouts/_head.html.erb (1.2ms)
Completed 200 OK in 6ms (Views: 3.2ms | ActiveRecord: 0.0ms)
